<?xml version="1.0" encoding="UTF-8"?>
<coverage generated="1604378666957" clover="3.2.0">
  <project timestamp="1604378666957" name="All files">
    <metrics statements="28" coveredstatements="21" conditionals="0" coveredconditionals="0" methods="8" coveredmethods="3" elements="36" coveredelements="24" complexity="0" loc="28" ncloc="28" packages="1" files="1" classes="1"/>
    <file name="caps.js" path="/Users/sararussert/codefellows/401/caps/caps.js">
      <metrics statements="28" coveredstatements="21" conditionals="0" coveredconditionals="0" methods="8" coveredmethods="3"/>
      <line num="3" count="1" type="stmt"/>
      <line num="4" count="1" type="stmt"/>
      <line num="6" count="1" type="stmt"/>
      <line num="8" count="1" type="stmt"/>
      <line num="16" count="1" type="stmt"/>
      <line num="17" count="1" type="stmt"/>
      <line num="18" count="1" type="stmt"/>
      <line num="19" count="1" type="stmt"/>
      <line num="20" count="1" type="stmt"/>
      <line num="21" count="1" type="stmt"/>
      <line num="22" count="1" type="stmt"/>
      <line num="23" count="1" type="stmt"/>
      <line num="30" count="1" type="stmt"/>
      <line num="31" count="1" type="stmt"/>
      <line num="32" count="1" type="stmt"/>
      <line num="35" count="1" type="stmt"/>
      <line num="36" count="1" type="stmt"/>
      <line num="37" count="0" type="stmt"/>
      <line num="38" count="0" type="stmt"/>
      <line num="40" count="1" type="stmt"/>
      <line num="41" count="0" type="stmt"/>
      <line num="42" count="0" type="stmt"/>
      <line num="48" count="2" type="stmt"/>
      <line num="52" count="0" type="stmt"/>
      <line num="56" count="0" type="stmt"/>
      <line num="60" count="0" type="stmt"/>
      <line num="63" count="1" type="stmt"/>
      <line num="65" count="1" type="stmt"/>
    </file>
  </project>
</coverage>
