TN:
SF:caps.js
FN:15,timeStamp
FN:28,process
FN:36,(anonymous_2)
FN:40,(anonymous_3)
FN:47,driverPickupHandler
FN:51,handleDelivered
FN:55,driverMsg
FN:59,handleInTransit
FNF:8
FNH:3
FNDA:1,timeStamp
FNDA:1,process
FNDA:0,(anonymous_2)
FNDA:0,(anonymous_3)
FNDA:2,driverPickupHandler
FNDA:0,handleDelivered
FNDA:0,driverMsg
FNDA:0,handleInTransit
DA:3,1
DA:4,1
DA:6,1
DA:8,1
DA:16,1
DA:17,1
DA:18,1
DA:19,1
DA:20,1
DA:21,1
DA:22,1
DA:23,1
DA:30,1
DA:31,1
DA:32,1
DA:35,1
DA:36,1
DA:37,0
DA:38,0
DA:40,1
DA:41,0
DA:42,0
DA:48,2
DA:52,0
DA:56,0
DA:60,0
DA:63,1
DA:65,1
LF:28
LH:21
BRF:0
BRH:0
end_of_record
